[debug] [2021-05-07T10:38:48.960Z] ----------------------------------------------------------------------
[debug] [2021-05-07T10:38:48.963Z] Command:       C:\Program Files\nodejs\node.exe C:\Users\Sarthak sharma\AppData\Roaming\npm\node_modules\firebase-tools\lib\bin\firebase.js functions:shell
[debug] [2021-05-07T10:38:48.963Z] CLI Version:   7.0.2
[debug] [2021-05-07T10:38:48.963Z] Platform:      win32
[debug] [2021-05-07T10:38:48.964Z] Node Version:  v14.16.1
[debug] [2021-05-07T10:38:48.965Z] Time:          Fri May 07 2021 16:08:48 GMT+0530 (India Standard Time)
[debug] [2021-05-07T10:38:48.965Z] ----------------------------------------------------------------------
[debug] 
[debug] [2021-05-07T10:38:48.987Z] > command requires scopes: ["email","openid","https://www.googleapis.com/auth/cloudplatformprojects.readonly","https://www.googleapis.com/auth/firebase","https://www.googleapis.com/auth/cloud-platform"]
[debug] [2021-05-07T10:38:48.988Z] > authorizing via signed-in user
[debug] [2021-05-07T10:38:48.989Z] [iam] checking project superchat-e249c for permissions ["firebase.projects.get"]
[debug] [2021-05-07T10:38:48.991Z] > refreshing access token with scopes: ["email","https://www.googleapis.com/auth/cloud-platform","https://www.googleapis.com/auth/cloudplatformprojects.readonly","https://www.googleapis.com/auth/firebase","openid"]
[debug] [2021-05-07T10:38:48.992Z] >>> HTTP REQUEST POST https://www.googleapis.com/oauth2/v3/token  
 <request body omitted>
[debug] [2021-05-07T10:38:49.341Z] <<< HTTP RESPONSE 200
[debug] [2021-05-07T10:38:49.387Z] >>> HTTP REQUEST POST https://cloudresourcemanager.googleapis.com/v1/projects/superchat-e249c:testIamPermissions  

[debug] [2021-05-07T10:38:50.970Z] <<< HTTP RESPONSE 200
[warn] !  Your requested "node" version "12" doesn't match your global version "14"
[debug] [2021-05-07T10:38:50.979Z] >>> HTTP REQUEST GET https://cloudresourcemanager.googleapis.com/v1/projects/superchat-e249c  
 
[debug] [2021-05-07T10:38:52.524Z] <<< HTTP RESPONSE 200
[debug] [2021-05-07T10:38:52.525Z] >>> HTTP REQUEST GET https://mobilesdk-pa.googleapis.com/v1/projects/148104750105:getServerAppConfig  
 
[debug] [2021-05-07T10:38:53.324Z] <<< HTTP RESPONSE 200
[info] +  functions: Emulator started at http://localhost:5001
[debug] [2021-05-07T10:38:53.335Z] [functions] Watching "C:\Users\Sarthak sharma\superchat\functions" for Cloud Functions...
[debug] [2021-05-07T10:38:53.864Z] DEBUG: Functions runtime initialized.
[debug] [2021-05-07T10:38:53.864Z] DEBUG: Disabled runtime features: {"functions_config_helper":true,"network_filtering":true,"timeout":true,"memory_limiting":true,"protect_env":true,"admin_stubs":true}
[info] >  (node:14140) Warning: Accessing non-existent property 'padLevels' of module exports inside circular dependency
[info] >  (Use `node --trace-warnings ...` to show where the warning was created)
[debug] [2021-05-07T10:38:54.011Z] DEBUG: firebase-admin has been stubbed.
[warn] !  Error: Failed to initialize Google Cloud Firestore client with the available credentials. Must initialize the SDK with a certificate credential or application default credentials to use Cloud Firestore API.
    at FirebaseFirestoreError.FirebaseError [as constructor] (C:\Users\Sarthak sharma\superchat\functions\node_modules\firebase-admin\lib\utils\error.js:44:28)
    at new FirebaseFirestoreError (C:\Users\Sarthak sharma\superchat\functions\node_modules\firebase-admin\lib\utils\error.js:222:23)
    at getFirestoreOptions (C:\Users\Sarthak sharma\superchat\functions\node_modules\firebase-admin\lib\firestore\firestore-internal.js:81:11)
    at initFirestore (C:\Users\Sarthak sharma\superchat\functions\node_modules\firebase-admin\lib\firestore\firestore-internal.js:90:19)
    at new FirestoreService (C:\Users\Sarthak sharma\superchat\functions\node_modules\firebase-admin\lib\firestore\firestore-internal.js:27:32)
    at C:\Users\Sarthak sharma\superchat\functions\node_modules\firebase-admin\lib\firebase-app.js:193:20
    at FirebaseApp.ensureService_ (C:\Users\Sarthak sharma\superchat\functions\node_modules\firebase-admin\lib\firebase-app.js:306:43)
    at FirebaseApp.firestore (C:\Users\Sarthak sharma\superchat\functions\node_modules\firebase-admin\lib\firebase-app.js:191:28)
    at FirebaseNamespace.fn (C:\Users\Sarthak sharma\superchat\functions\node_modules\firebase-admin\lib\firebase-namespace.js:239:45)
    at Proxy.<anonymous> (C:\Users\Sarthak sharma\AppData\Roaming\npm\node_modules\firebase-tools\lib\emulator\functionsEmulatorRuntime.js:348:54)
[warn] !  We were unable to load your functions code. (see above)
